This file contains any messages produced by compilers while
running configure, to aid debugging if configure makes a mistake.

It was created by mesos configure 0.23.0, which was
generated by GNU Autoconf 2.69.  Invocation command line was

  $ ../configure 

## --------- ##
## Platform. ##
## --------- ##

hostname = mesos-test
uname -m = x86_64
uname -r = 3.13.0-43-generic
uname -s = Linux
uname -v = #72-Ubuntu SMP Mon Dec 8 19:35:06 UTC 2014

/usr/bin/uname -p = unknown
/bin/uname -X     = unknown

/bin/arch              = unknown
/usr/bin/arch -k       = unknown
/usr/convex/getsysinfo = unknown
/usr/bin/hostinfo      = unknown
/bin/machine           = unknown
/usr/bin/oslevel       = unknown
/bin/universe          = unknown

PATH: /usr/local/sbin
PATH: /usr/local/bin
PATH: /usr/sbin
PATH: /usr/bin
PATH: /sbin
PATH: /bin
PATH: /usr/games
PATH: /usr/local/games


## ----------- ##
## Core tests. ##
## ----------- ##

configure:2527: checking build system type
configure:2541: result: x86_64-unknown-linux-gnu
configure:2561: checking host system type
configure:2574: result: x86_64-unknown-linux-gnu
configure:2595: checking target system type
configure:2608: result: x86_64-unknown-linux-gnu
configure:2694: checking for a BSD-compatible install
configure:2762: result: /usr/bin/install -c
configure:2773: checking whether build environment is sane
configure:2828: result: yes
configure:2979: checking for a thread-safe mkdir -p
configure:3018: result: /bin/mkdir -p
configure:3025: checking for gawk
configure:3041: found /usr/bin/gawk
configure:3052: result: gawk
configure:3063: checking whether make sets $(MAKE)
configure:3085: result: yes
configure:3114: checking whether make supports nested variables
configure:3131: result: yes
configure:3270: checking for style of include used by make
configure:3298: result: GNU
configure:3369: checking for gcc
configure:3385: found /usr/bin/gcc
configure:3396: result: gcc
configure:3625: checking for C compiler version
configure:3634: gcc --version >&5
gcc (Ubuntu 4.8.2-19ubuntu1) 4.8.2
Copyright (C) 2013 Free Software Foundation, Inc.
This is free software; see the source for copying conditions.  There is NO
warranty; not even for MERCHANTABILITY or FITNESS FOR A PARTICULAR PURPOSE.

configure:3645: $? = 0
configure:3634: gcc -v >&5
Using built-in specs.
COLLECT_GCC=gcc
COLLECT_LTO_WRAPPER=/usr/lib/gcc/x86_64-linux-gnu/4.8/lto-wrapper
Target: x86_64-linux-gnu
Configured with: ../src/configure -v --with-pkgversion='Ubuntu 4.8.2-19ubuntu1' --with-bugurl=file:///usr/share/doc/gcc-4.8/README.Bugs --enable-languages=c,c++,java,go,d,fortran,objc,obj-c++ --prefix=/usr --program-suffix=-4.8 --enable-shared --enable-linker-build-id --libexecdir=/usr/lib --without-included-gettext --enable-threads=posix --with-gxx-include-dir=/usr/include/c++/4.8 --libdir=/usr/lib --enable-nls --with-sysroot=/ --enable-clocale=gnu --enable-libstdcxx-debug --enable-libstdcxx-time=yes --enable-gnu-unique-object --disable-libmudflap --enable-plugin --with-system-zlib --disable-browser-plugin --enable-java-awt=gtk --enable-gtk-cairo --with-java-home=/usr/lib/jvm/java-1.5.0-gcj-4.8-amd64/jre --enable-java-home --with-jvm-root-dir=/usr/lib/jvm/java-1.5.0-gcj-4.8-amd64 --with-jvm-jar-dir=/usr/lib/jvm-exports/java-1.5.0-gcj-4.8-amd64 --with-arch-directory=amd64 --with-ecj-jar=/usr/share/java/eclipse-ecj.jar --enable-objc-gc --enable-multiarch --disable-werror --with-arch-32=i686 --with-abi=m64 --with-multilib-list=m32,m64,mx32 --with-tune=generic --enable-checking=release --build=x86_64-linux-gnu --host=x86_64-linux-gnu --target=x86_64-linux-gnu
Thread model: posix
gcc version 4.8.2 (Ubuntu 4.8.2-19ubuntu1) 
configure:3645: $? = 0
configure:3634: gcc -V >&5
gcc: error: unrecognized command line option '-V'
gcc: fatal error: no input files
compilation terminated.
configure:3645: $? = 4
configure:3634: gcc -qversion >&5
gcc: error: unrecognized command line option '-qversion'
gcc: fatal error: no input files
compilation terminated.
configure:3645: $? = 4
configure:3665: checking whether the C compiler works
configure:3687: gcc    conftest.c  >&5
configure:3691: $? = 0
configure:3739: result: yes
configure:3742: checking for C compiler default output file name
configure:3744: result: a.out
configure:3750: checking for suffix of executables
configure:3757: gcc -o conftest    conftest.c  >&5
configure:3761: $? = 0
configure:3783: result: 
configure:3805: checking whether we are cross compiling
configure:3813: gcc -o conftest    conftest.c  >&5
configure:3817: $? = 0
configure:3824: ./conftest
configure:3828: $? = 0
configure:3843: result: no
configure:3848: checking for suffix of object files
configure:3870: gcc -c   conftest.c >&5
configure:3874: $? = 0
configure:3895: result: o
configure:3899: checking whether we are using the GNU C compiler
configure:3918: gcc -c   conftest.c >&5
configure:3918: $? = 0
configure:3927: result: yes
configure:3936: checking whether gcc accepts -g
configure:3956: gcc -c -g  conftest.c >&5
configure:3956: $? = 0
configure:3997: result: yes
configure:4014: checking for gcc option to accept ISO C89
configure:4077: gcc  -c -g -O2  conftest.c >&5
configure:4077: $? = 0
configure:4090: result: none needed
configure:4115: checking whether gcc understands -c and -o together
configure:4137: gcc -c conftest.c -o conftest2.o
configure:4140: $? = 0
configure:4137: gcc -c conftest.c -o conftest2.o
configure:4140: $? = 0
configure:4152: result: yes
configure:4171: checking dependency style of gcc
configure:4282: result: gcc3
configure:4347: checking for ar
configure:4363: found /usr/bin/ar
configure:4374: result: ar
configure:4400: checking the archiver (ar) interface
configure:4416: gcc -c -g -O2  conftest.c >&5
configure:4416: $? = 0
configure:4418: ar cru libconftest.a conftest.o >&5
configure:4421: $? = 0
configure:4449: result: ar
configure:4519: checking how to print strings
configure:4546: result: printf
configure:4567: checking for a sed that does not truncate output
configure:4631: result: /bin/sed
configure:4649: checking for grep that handles long lines and -e
configure:4707: result: /bin/grep
configure:4712: checking for egrep
configure:4774: result: /bin/grep -E
configure:4779: checking for fgrep
configure:4841: result: /bin/grep -F
configure:4876: checking for ld used by gcc
configure:4943: result: /usr/bin/ld
configure:4950: checking if the linker (/usr/bin/ld) is GNU ld
configure:4965: result: yes
configure:4977: checking for BSD- or MS-compatible name lister (nm)
configure:5026: result: /usr/bin/nm -B
configure:5156: checking the name lister (/usr/bin/nm -B) interface
configure:5163:  -c   conftest.cpp >&5
../configure: line 5164: -c: command not found
configure:5166: /usr/bin/nm -B "conftest.o"
/usr/bin/nm: 'conftest.o': No such file
configure:5169: output
configure:5176: result: BSD nm
configure:5179: checking whether ln -s works
configure:5183: result: yes
configure:5191: checking the maximum length of command line arguments
configure:5322: result: 1572864
configure:5339: checking whether the shell understands some XSI constructs
configure:5349: result: yes
configure:5353: checking whether the shell understands "+="
configure:5359: result: yes
configure:5394: checking how to convert x86_64-unknown-linux-gnu file names to x86_64-unknown-linux-gnu format
configure:5434: result: func_convert_file_noop
configure:5441: checking how to convert x86_64-unknown-linux-gnu file names to toolchain format
configure:5461: result: func_convert_file_noop
configure:5468: checking for /usr/bin/ld option to reload object files
configure:5475: result: -r
configure:5549: checking for objdump
configure:5565: found /usr/bin/objdump
configure:5576: result: objdump
configure:5608: checking how to recognize dependent libraries
configure:5806: result: pass_all
configure:5891: checking for dlltool
configure:5921: result: no
configure:5951: checking how to associate runtime and link libraries
configure:5978: result: printf %s\n
configure:6047: checking for g++
configure:6063: found /usr/bin/g++
configure:6074: result: g++
configure:6101: checking for C++ compiler version
configure:6110: g++ --version >&5
g++ (Ubuntu 4.8.2-19ubuntu1) 4.8.2
Copyright (C) 2013 Free Software Foundation, Inc.
This is free software; see the source for copying conditions.  There is NO
warranty; not even for MERCHANTABILITY or FITNESS FOR A PARTICULAR PURPOSE.

configure:6121: $? = 0
configure:6110: g++ -v >&5
Using built-in specs.
COLLECT_GCC=g++
COLLECT_LTO_WRAPPER=/usr/lib/gcc/x86_64-linux-gnu/4.8/lto-wrapper
Target: x86_64-linux-gnu
Configured with: ../src/configure -v --with-pkgversion='Ubuntu 4.8.2-19ubuntu1' --with-bugurl=file:///usr/share/doc/gcc-4.8/README.Bugs --enable-languages=c,c++,java,go,d,fortran,objc,obj-c++ --prefix=/usr --program-suffix=-4.8 --enable-shared --enable-linker-build-id --libexecdir=/usr/lib --without-included-gettext --enable-threads=posix --with-gxx-include-dir=/usr/include/c++/4.8 --libdir=/usr/lib --enable-nls --with-sysroot=/ --enable-clocale=gnu --enable-libstdcxx-debug --enable-libstdcxx-time=yes --enable-gnu-unique-object --disable-libmudflap --enable-plugin --with-system-zlib --disable-browser-plugin --enable-java-awt=gtk --enable-gtk-cairo --with-java-home=/usr/lib/jvm/java-1.5.0-gcj-4.8-amd64/jre --enable-java-home --with-jvm-root-dir=/usr/lib/jvm/java-1.5.0-gcj-4.8-amd64 --with-jvm-jar-dir=/usr/lib/jvm-exports/java-1.5.0-gcj-4.8-amd64 --with-arch-directory=amd64 --with-ecj-jar=/usr/share/java/eclipse-ecj.jar --enable-objc-gc --enable-multiarch --disable-werror --with-arch-32=i686 --with-abi=m64 --with-multilib-list=m32,m64,mx32 --with-tune=generic --enable-checking=release --build=x86_64-linux-gnu --host=x86_64-linux-gnu --target=x86_64-linux-gnu
Thread model: posix
gcc version 4.8.2 (Ubuntu 4.8.2-19ubuntu1) 
configure:6121: $? = 0
configure:6110: g++ -V >&5
g++: error: unrecognized command line option '-V'
g++: fatal error: no input files
compilation terminated.
configure:6121: $? = 4
configure:6110: g++ -qversion >&5
g++: error: unrecognized command line option '-qversion'
g++: fatal error: no input files
compilation terminated.
configure:6121: $? = 4
configure:6125: checking whether we are using the GNU C++ compiler
configure:6144: g++ -c   conftest.cpp >&5
configure:6144: $? = 0
configure:6153: result: yes
configure:6162: checking whether g++ accepts -g
configure:6182: g++ -c -g  conftest.cpp >&5
configure:6182: $? = 0
configure:6223: result: yes
configure:6248: checking dependency style of g++
configure:6359: result: gcc3
configure:6488: checking for archiver @FILE support
configure:6505: g++ -c -g -O2  conftest.cpp >&5
configure:6505: $? = 0
configure:6508: ar cru libconftest.a @conftest.lst >&5
configure:6511: $? = 0
configure:6516: ar cru libconftest.a @conftest.lst >&5
ar: conftest.o: No such file or directory
configure:6519: $? = 1
configure:6531: result: @
configure:6589: checking for strip
configure:6605: found /usr/bin/strip
configure:6616: result: strip
configure:6688: checking for ranlib
configure:6704: found /usr/bin/ranlib
configure:6715: result: ranlib
configure:6817: checking command to parse /usr/bin/nm -B output from gcc object
configure:6937: g++ -c -g -O2  conftest.cpp >&5
configure:6940: $? = 0
configure:6944: /usr/bin/nm -B conftest.o \| sed -n -e 's/^.*[ ]\([ABCDGIRSTW][ABCDGIRSTW]*\)[ ][ ]*\([_A-Za-z][_A-Za-z0-9]*\)$/\1 \2 \2/p' | sed '/ __gnu_lto/d' \> conftest.nm
configure:6947: $? = 0
configure:7013: g++ -o conftest -g -O2   conftest.cpp conftstm.o >&5
configure:7016: $? = 0
configure:7054: result: ok
configure:7091: checking for sysroot
configure:7121: result: no
configure:7198: g++ -c -g -O2  conftest.cpp >&5
configure:7201: $? = 0
configure:7390: checking for mt
configure:7406: found /bin/mt
configure:7417: result: mt
configure:7440: checking if mt is a manifest tool
configure:7446: mt '-?'
configure:7454: result: no
configure:8096: checking how to run the C preprocessor
configure:8127: gcc -E  conftest.c
configure:8127: $? = 0
configure:8141: gcc -E  conftest.c
conftest.c:11:28: fatal error: ac_nonexistent.h: No such file or directory
 #include <ac_nonexistent.h>
                            ^
compilation terminated.
configure:8141: $? = 1
configure: failed program was:
| /* confdefs.h */
| #define PACKAGE_NAME "mesos"
| #define PACKAGE_TARNAME "mesos"
| #define PACKAGE_VERSION "0.23.0"
| #define PACKAGE_STRING "mesos 0.23.0"
| #define PACKAGE_BUGREPORT ""
| #define PACKAGE_URL ""
| #define PACKAGE "mesos"
| #define VERSION "0.23.0"
| /* end confdefs.h.  */
| #include <ac_nonexistent.h>
configure:8166: result: gcc -E
configure:8186: gcc -E  conftest.c
configure:8186: $? = 0
configure:8200: gcc -E  conftest.c
conftest.c:11:28: fatal error: ac_nonexistent.h: No such file or directory
 #include <ac_nonexistent.h>
                            ^
compilation terminated.
configure:8200: $? = 1
configure: failed program was:
| /* confdefs.h */
| #define PACKAGE_NAME "mesos"
| #define PACKAGE_TARNAME "mesos"
| #define PACKAGE_VERSION "0.23.0"
| #define PACKAGE_STRING "mesos 0.23.0"
| #define PACKAGE_BUGREPORT ""
| #define PACKAGE_URL ""
| #define PACKAGE "mesos"
| #define VERSION "0.23.0"
| /* end confdefs.h.  */
| #include <ac_nonexistent.h>
configure:8229: checking for ANSI C header files
configure:8249: gcc -c -g -O2  conftest.c >&5
configure:8249: $? = 0
configure:8322: gcc -o conftest -g -O2   conftest.c  >&5
configure:8322: $? = 0
configure:8322: ./conftest
configure:8322: $? = 0
configure:8333: result: yes
configure:8346: checking for sys/types.h
configure:8346: gcc -c -g -O2  conftest.c >&5
configure:8346: $? = 0
configure:8346: result: yes
configure:8346: checking for sys/stat.h
configure:8346: gcc -c -g -O2  conftest.c >&5
configure:8346: $? = 0
configure:8346: result: yes
configure:8346: checking for stdlib.h
configure:8346: gcc -c -g -O2  conftest.c >&5
configure:8346: $? = 0
configure:8346: result: yes
configure:8346: checking for string.h
configure:8346: gcc -c -g -O2  conftest.c >&5
configure:8346: $? = 0
configure:8346: result: yes
configure:8346: checking for memory.h
configure:8346: gcc -c -g -O2  conftest.c >&5
configure:8346: $? = 0
configure:8346: result: yes
configure:8346: checking for strings.h
configure:8346: gcc -c -g -O2  conftest.c >&5
configure:8346: $? = 0
configure:8346: result: yes
configure:8346: checking for inttypes.h
configure:8346: gcc -c -g -O2  conftest.c >&5
configure:8346: $? = 0
configure:8346: result: yes
configure:8346: checking for stdint.h
configure:8346: gcc -c -g -O2  conftest.c >&5
configure:8346: $? = 0
configure:8346: result: yes
configure:8346: checking for unistd.h
configure:8346: gcc -c -g -O2  conftest.c >&5
configure:8346: $? = 0
configure:8346: result: yes
configure:8360: checking for dlfcn.h
configure:8360: gcc -c -g -O2  conftest.c >&5
configure:8360: $? = 0
configure:8360: result: yes
configure:8546: checking for objdir
configure:8561: result: .libs
configure:8832: checking if gcc supports -fno-rtti -fno-exceptions
configure:8850: gcc -c -g -O2  -fno-rtti -fno-exceptions conftest.c >&5
cc1: warning: command line option '-fno-rtti' is valid for C++/ObjC++ but not for C [enabled by default]
configure:8854: $? = 0
configure:8867: result: no
configure:9194: checking for gcc option to produce PIC
configure:9201: result: -fPIC -DPIC
configure:9209: checking if gcc PIC flag -fPIC -DPIC works
configure:9227: gcc -c -g -O2  -fPIC -DPIC -DPIC conftest.c >&5
configure:9231: $? = 0
configure:9244: result: yes
configure:9273: checking if gcc static flag -static works
configure:9301: result: yes
configure:9316: checking if gcc supports -c -o file.o
configure:9337: gcc -c -g -O2  -o out/conftest2.o conftest.c >&5
configure:9341: $? = 0
configure:9363: result: yes
configure:9371: checking if gcc supports -c -o file.o
configure:9418: result: yes
configure:9451: checking whether the gcc linker (/usr/bin/ld -m elf_x86_64) supports shared libraries
configure:10608: result: yes
configure:10645: checking whether -lc should be explicitly linked in
configure:10653: gcc -c -g -O2  conftest.c >&5
configure:10656: $? = 0
configure:10671: gcc -shared  -fPIC -DPIC conftest.o  -v -Wl,-soname -Wl,conftest -o conftest 2\>\&1 \| /bin/grep  -lc  \>/dev/null 2\>\&1
configure:10674: $? = 0
configure:10688: result: no
configure:10848: checking dynamic linker characteristics
configure:11348: gcc -o conftest -g -O2   -Wl,-rpath -Wl,/foo conftest.c  >&5
configure:11348: $? = 0
configure:11582: result: GNU/Linux ld.so
configure:11689: checking how to hardcode library paths into programs
configure:11714: result: immediate
configure:12254: checking whether stripping libraries is possible
configure:12259: result: yes
configure:12294: checking if libtool supports shared libraries
configure:12296: result: yes
configure:12299: checking whether to build shared libraries
configure:12320: result: yes
configure:12323: checking whether to build static libraries
configure:12327: result: no
configure:12350: checking how to run the C++ preprocessor
configure:12377: g++ -E  conftest.cpp
configure:12377: $? = 0
configure:12391: g++ -E  conftest.cpp
conftest.cpp:23:28: fatal error: ac_nonexistent.h: No such file or directory
 #include <ac_nonexistent.h>
                            ^
compilation terminated.
configure:12391: $? = 1
configure: failed program was:
| /* confdefs.h */
| #define PACKAGE_NAME "mesos"
| #define PACKAGE_TARNAME "mesos"
| #define PACKAGE_VERSION "0.23.0"
| #define PACKAGE_STRING "mesos 0.23.0"
| #define PACKAGE_BUGREPORT ""
| #define PACKAGE_URL ""
| #define PACKAGE "mesos"
| #define VERSION "0.23.0"
| #define STDC_HEADERS 1
| #define HAVE_SYS_TYPES_H 1
| #define HAVE_SYS_STAT_H 1
| #define HAVE_STDLIB_H 1
| #define HAVE_STRING_H 1
| #define HAVE_MEMORY_H 1
| #define HAVE_STRINGS_H 1
| #define HAVE_INTTYPES_H 1
| #define HAVE_STDINT_H 1
| #define HAVE_UNISTD_H 1
| #define HAVE_DLFCN_H 1
| #define LT_OBJDIR ".libs/"
| /* end confdefs.h.  */
| #include <ac_nonexistent.h>
configure:12416: result: g++ -E
configure:12436: g++ -E  conftest.cpp
configure:12436: $? = 0
configure:12450: g++ -E  conftest.cpp
conftest.cpp:23:28: fatal error: ac_nonexistent.h: No such file or directory
 #include <ac_nonexistent.h>
                            ^
compilation terminated.
configure:12450: $? = 1
configure: failed program was:
| /* confdefs.h */
| #define PACKAGE_NAME "mesos"
| #define PACKAGE_TARNAME "mesos"
| #define PACKAGE_VERSION "0.23.0"
| #define PACKAGE_STRING "mesos 0.23.0"
| #define PACKAGE_BUGREPORT ""
| #define PACKAGE_URL ""
| #define PACKAGE "mesos"
| #define VERSION "0.23.0"
| #define STDC_HEADERS 1
| #define HAVE_SYS_TYPES_H 1
| #define HAVE_SYS_STAT_H 1
| #define HAVE_STDLIB_H 1
| #define HAVE_STRING_H 1
| #define HAVE_MEMORY_H 1
| #define HAVE_STRINGS_H 1
| #define HAVE_INTTYPES_H 1
| #define HAVE_STDINT_H 1
| #define HAVE_UNISTD_H 1
| #define HAVE_DLFCN_H 1
| #define LT_OBJDIR ".libs/"
| /* end confdefs.h.  */
| #include <ac_nonexistent.h>
configure:12619: checking for ld used by g++
configure:12686: result: /usr/bin/ld -m elf_x86_64
configure:12693: checking if the linker (/usr/bin/ld -m elf_x86_64) is GNU ld
configure:12708: result: yes
configure:12763: checking whether the g++ linker (/usr/bin/ld -m elf_x86_64) supports shared libraries
configure:13765: result: yes
configure:13801: g++ -c -g -O2  conftest.cpp >&5
configure:13804: $? = 0
configure:14324: checking for g++ option to produce PIC
configure:14331: result: -fPIC -DPIC
configure:14339: checking if g++ PIC flag -fPIC -DPIC works
configure:14357: g++ -c -g -O2  -fPIC -DPIC -DPIC conftest.cpp >&5
configure:14361: $? = 0
configure:14374: result: yes
configure:14397: checking if g++ static flag -static works
configure:14425: result: yes
configure:14437: checking if g++ supports -c -o file.o
configure:14458: g++ -c -g -O2  -o out/conftest2.o conftest.cpp >&5
configure:14462: $? = 0
configure:14484: result: yes
configure:14489: checking if g++ supports -c -o file.o
configure:14536: result: yes
configure:14566: checking whether the g++ linker (/usr/bin/ld -m elf_x86_64) supports shared libraries
configure:14605: result: yes
configure:14746: checking dynamic linker characteristics
configure:15414: result: GNU/Linux ld.so
configure:15467: checking how to hardcode library paths into programs
configure:15492: result: immediate
configure:15555: creating ./config.lt

## ------------------ ##
## Running config.lt. ##
## ------------------ ##
config.lt:681: creating libtool
configure:17446: Setting up build environment for x86_64 linux-gnu
configure:17587: checking for C++ compiler version
configure:17596: g++ --version >&5
g++ (Ubuntu 4.8.2-19ubuntu1) 4.8.2
Copyright (C) 2013 Free Software Foundation, Inc.
This is free software; see the source for copying conditions.  There is NO
warranty; not even for MERCHANTABILITY or FITNESS FOR A PARTICULAR PURPOSE.

configure:17607: $? = 0
configure:17596: g++ -v >&5
Using built-in specs.
COLLECT_GCC=g++
COLLECT_LTO_WRAPPER=/usr/lib/gcc/x86_64-linux-gnu/4.8/lto-wrapper
Target: x86_64-linux-gnu
Configured with: ../src/configure -v --with-pkgversion='Ubuntu 4.8.2-19ubuntu1' --with-bugurl=file:///usr/share/doc/gcc-4.8/README.Bugs --enable-languages=c,c++,java,go,d,fortran,objc,obj-c++ --prefix=/usr --program-suffix=-4.8 --enable-shared --enable-linker-build-id --libexecdir=/usr/lib --without-included-gettext --enable-threads=posix --with-gxx-include-dir=/usr/include/c++/4.8 --libdir=/usr/lib --enable-nls --with-sysroot=/ --enable-clocale=gnu --enable-libstdcxx-debug --enable-libstdcxx-time=yes --enable-gnu-unique-object --disable-libmudflap --enable-plugin --with-system-zlib --disable-browser-plugin --enable-java-awt=gtk --enable-gtk-cairo --with-java-home=/usr/lib/jvm/java-1.5.0-gcj-4.8-amd64/jre --enable-java-home --with-jvm-root-dir=/usr/lib/jvm/java-1.5.0-gcj-4.8-amd64 --with-jvm-jar-dir=/usr/lib/jvm-exports/java-1.5.0-gcj-4.8-amd64 --with-arch-directory=amd64 --with-ecj-jar=/usr/share/java/eclipse-ecj.jar --enable-objc-gc --enable-multiarch --disable-werror --with-arch-32=i686 --with-abi=m64 --with-multilib-list=m32,m64,mx32 --with-tune=generic --enable-checking=release --build=x86_64-linux-gnu --host=x86_64-linux-gnu --target=x86_64-linux-gnu
Thread model: posix
gcc version 4.8.2 (Ubuntu 4.8.2-19ubuntu1) 
configure:17607: $? = 0
configure:17596: g++ -V >&5
g++: error: unrecognized command line option '-V'
g++: fatal error: no input files
compilation terminated.
configure:17607: $? = 4
configure:17596: g++ -qversion >&5
g++: error: unrecognized command line option '-qversion'
g++: fatal error: no input files
compilation terminated.
configure:17607: $? = 4
configure:17611: checking whether we are using the GNU C++ compiler
configure:17639: result: yes
configure:17648: checking whether g++ accepts -g
configure:17709: result: yes
configure:17734: checking dependency style of g++
configure:17845: result: gcc3
configure:17972: checking for C compiler version
configure:17981: gcc --version >&5
gcc (Ubuntu 4.8.2-19ubuntu1) 4.8.2
Copyright (C) 2013 Free Software Foundation, Inc.
This is free software; see the source for copying conditions.  There is NO
warranty; not even for MERCHANTABILITY or FITNESS FOR A PARTICULAR PURPOSE.

configure:17992: $? = 0
configure:17981: gcc -v >&5
Using built-in specs.
COLLECT_GCC=gcc
COLLECT_LTO_WRAPPER=/usr/lib/gcc/x86_64-linux-gnu/4.8/lto-wrapper
Target: x86_64-linux-gnu
Configured with: ../src/configure -v --with-pkgversion='Ubuntu 4.8.2-19ubuntu1' --with-bugurl=file:///usr/share/doc/gcc-4.8/README.Bugs --enable-languages=c,c++,java,go,d,fortran,objc,obj-c++ --prefix=/usr --program-suffix=-4.8 --enable-shared --enable-linker-build-id --libexecdir=/usr/lib --without-included-gettext --enable-threads=posix --with-gxx-include-dir=/usr/include/c++/4.8 --libdir=/usr/lib --enable-nls --with-sysroot=/ --enable-clocale=gnu --enable-libstdcxx-debug --enable-libstdcxx-time=yes --enable-gnu-unique-object --disable-libmudflap --enable-plugin --with-system-zlib --disable-browser-plugin --enable-java-awt=gtk --enable-gtk-cairo --with-java-home=/usr/lib/jvm/java-1.5.0-gcj-4.8-amd64/jre --enable-java-home --with-jvm-root-dir=/usr/lib/jvm/java-1.5.0-gcj-4.8-amd64 --with-jvm-jar-dir=/usr/lib/jvm-exports/java-1.5.0-gcj-4.8-amd64 --with-arch-directory=amd64 --with-ecj-jar=/usr/share/java/eclipse-ecj.jar --enable-objc-gc --enable-multiarch --disable-werror --with-arch-32=i686 --with-abi=m64 --with-multilib-list=m32,m64,mx32 --with-tune=generic --enable-checking=release --build=x86_64-linux-gnu --host=x86_64-linux-gnu --target=x86_64-linux-gnu
Thread model: posix
gcc version 4.8.2 (Ubuntu 4.8.2-19ubuntu1) 
configure:17992: $? = 0
configure:17981: gcc -V >&5
gcc: error: unrecognized command line option '-V'
gcc: fatal error: no input files
compilation terminated.
configure:17992: $? = 4
configure:17981: gcc -qversion >&5
gcc: error: unrecognized command line option '-qversion'
gcc: fatal error: no input files
compilation terminated.
configure:17992: $? = 4
configure:17996: checking whether we are using the GNU C compiler
configure:18024: result: yes
configure:18033: checking whether gcc accepts -g
configure:18094: result: yes
configure:18111: checking for gcc option to accept ISO C89
configure:18187: result: none needed
configure:18212: checking whether gcc understands -c and -o together
configure:18249: result: yes
configure:18268: checking dependency style of gcc
configure:18379: result: gcc3
configure:18976: checking if compiling with clang
configure:19000: g++ -c -g1 -O0  conftest.cpp >&5
conftest.cpp:29:2: error: #error Force the compiler to fail and set CLANG=no.
 #error Force the compiler to fail and set CLANG=no.
  ^
configure:19000: $? = 1
configure: failed program was:
| /* confdefs.h */
| #define PACKAGE_NAME "mesos"
| #define PACKAGE_TARNAME "mesos"
| #define PACKAGE_VERSION "0.23.0"
| #define PACKAGE_STRING "mesos 0.23.0"
| #define PACKAGE_BUGREPORT ""
| #define PACKAGE_URL ""
| #define PACKAGE "mesos"
| #define VERSION "0.23.0"
| #define STDC_HEADERS 1
| #define HAVE_SYS_TYPES_H 1
| #define HAVE_SYS_STAT_H 1
| #define HAVE_STDLIB_H 1
| #define HAVE_STRING_H 1
| #define HAVE_MEMORY_H 1
| #define HAVE_STRINGS_H 1
| #define HAVE_INTTYPES_H 1
| #define HAVE_STDINT_H 1
| #define HAVE_UNISTD_H 1
| #define HAVE_DLFCN_H 1
| #define LT_OBJDIR ".libs/"
| /* end confdefs.h.  */
| 
| int
| main ()
| {
| 
| #ifndef __clang__
| #error Force the compiler to fail and set CLANG=no.
| #endif
| 
|   ;
|   return 0;
| }
configure:19013: result: no
configure:19028: GCC version: 4.8
configure:19070: Setting up CXXFLAGS for g++ version >= 4.8
configure:19144: checking whether g++ supports C++11 features by default
configure:19243: g++ -c -g1 -O0 -Wno-unused-local-typedefs  conftest.cpp >&5
In file included from /usr/include/c++/4.8/initializer_list:36:0,
                 from conftest.cpp:24:
/usr/include/c++/4.8/bits/c++0x_warning.h:32:2: error: #error This file requires compiler and library support for the ISO C++ 2011 standard. This support is currently experimental, and must be enabled with the -std=c++11 or -std=gnu++11 compiler options.
 #error This file requires compiler and library support for the \
  ^
conftest.cpp:30:34: warning: variadic templates only available with -std=c++11 or -std=gnu++11 [enabled by default]
   template <typename T, typename ...Args>
                                  ^
conftest.cpp:33:21: error: expected identifier before 'sizeof'
       static_assert(sizeof(int) <= sizeof(T), "not big enough");
                     ^
conftest.cpp:33:21: error: expected ',' or '...' before 'sizeof'
conftest.cpp:33:63: error: ISO C++ forbids declaration of 'static_assert' with no type [-fpermissive]
       static_assert(sizeof(int) <= sizeof(T), "not big enough");
                                                               ^
conftest.cpp:36:27: error: '>>' should be '> >' within a nested template argument list
   typedef check<check<bool>> right_angle_brackets;
                           ^
conftest.cpp:39:11: error: expected constructor, destructor, or type conversion before '(' token
   decltype(a) b;
           ^
conftest.cpp:43:13: error: expected unqualified-id before '&&' token
   check_type&& cr = static_cast<check_type&&>(c);
             ^
conftest.cpp:45:8: error: 'd' does not name a type
   auto d = a;
        ^
conftest.cpp: In function 'void baz()':
conftest.cpp:55:5: error: 'unique_ptr' is not a member of 'std'
     std::unique_ptr<Foo> p1(new Foo);  // p1 owns Foo.
     ^
conftest.cpp:55:24: error: expected primary-expression before '>' token
     std::unique_ptr<Foo> p1(new Foo);  // p1 owns Foo.
                        ^
conftest.cpp:55:36: error: 'p1' was not declared in this scope
     std::unique_ptr<Foo> p1(new Foo);  // p1 owns Foo.
                                    ^
conftest.cpp:59:7: error: 'unique_ptr' is not a member of 'std'
       std::unique_ptr<Foo> p2(std::move(p1));  // Now p2 owns Foo.
       ^
conftest.cpp:59:26: error: expected primary-expression before '>' token
       std::unique_ptr<Foo> p2(std::move(p1));  // Now p2 owns Foo.
                          ^
conftest.cpp:59:31: error: 'move' is not a member of 'std'
       std::unique_ptr<Foo> p2(std::move(p1));  // Now p2 owns Foo.
                               ^
conftest.cpp:59:44: error: 'p2' was not declared in this scope
       std::unique_ptr<Foo> p2(std::move(p1));  // Now p2 owns Foo.
                                            ^
conftest.cpp:62:12: error: 'move' is not a member of 'std'
       p1 = std::move(p2);  // Ownership returns to p1.
            ^
conftest.cpp: At global scope:
conftest.cpp:68:3: error: 'shared_ptr' in namespace 'std' does not name a type
   std::shared_ptr<int> k = std::make_shared<int>(2);
   ^
conftest.cpp: In function 'void mutexTest()':
conftest.cpp:72:5: error: 'mutex' is not a member of 'std'
     std::mutex _mutex;
     ^
conftest.cpp:72:16: error: expected ';' before '_mutex'
     std::mutex _mutex;
                ^
conftest.cpp:75:7: error: 'lock_guard' is not a member of 'std'
       std::lock_guard<std::mutex> lockGuard(_mutex);
       ^
conftest.cpp:75:23: error: 'mutex' is not a member of 'std'
       std::lock_guard<std::mutex> lockGuard(_mutex);
                       ^
conftest.cpp:75:45: error: '_mutex' was not declared in this scope
       std::lock_guard<std::mutex> lockGuard(_mutex);
                                             ^
conftest.cpp:75:51: error: 'lockGuard' was not declared in this scope
       std::lock_guard<std::mutex> lockGuard(_mutex);
                                                   ^
conftest.cpp:81:7: error: 'unique_lock' is not a member of 'std'
       std::unique_lock<std::mutex> uniqueLock(_mutex);
       ^
conftest.cpp:81:24: error: 'mutex' is not a member of 'std'
       std::unique_lock<std::mutex> uniqueLock(_mutex);
                        ^
conftest.cpp:81:47: error: '_mutex' was not declared in this scope
       std::unique_lock<std::mutex> uniqueLock(_mutex);
                                               ^
conftest.cpp:81:53: error: 'uniqueLock' was not declared in this scope
       std::unique_lock<std::mutex> uniqueLock(_mutex);
                                                     ^
conftest.cpp: At global scope:
conftest.cpp:87:60: error: expected template-name before '<' token
   struct SharedStruct : public std::enable_shared_from_this<SharedStruct>
                                                            ^
conftest.cpp:87:60: error: expected '{' before '<' token
conftest.cpp:87:60: error: expected unqualified-id before '<' token
configure:19243: $? = 1
configure: failed program was:
| /* confdefs.h */
| #define PACKAGE_NAME "mesos"
| #define PACKAGE_TARNAME "mesos"
| #define PACKAGE_VERSION "0.23.0"
| #define PACKAGE_STRING "mesos 0.23.0"
| #define PACKAGE_BUGREPORT ""
| #define PACKAGE_URL ""
| #define PACKAGE "mesos"
| #define VERSION "0.23.0"
| #define STDC_HEADERS 1
| #define HAVE_SYS_TYPES_H 1
| #define HAVE_SYS_STAT_H 1
| #define HAVE_STDLIB_H 1
| #define HAVE_STRING_H 1
| #define HAVE_MEMORY_H 1
| #define HAVE_STRINGS_H 1
| #define HAVE_INTTYPES_H 1
| #define HAVE_STDINT_H 1
| #define HAVE_UNISTD_H 1
| #define HAVE_DLFCN_H 1
| #define LT_OBJDIR ".libs/"
| /* end confdefs.h.  */
| 
|   #include <initializer_list>
|   #include <memory>
|   #include <mutex>
|   #include <string>
|   #include <vector>
| 
|   template <typename T, typename ...Args>
|     struct check
|     {
|       static_assert(sizeof(int) <= sizeof(T), "not big enough");
|     };
| 
|   typedef check<check<bool>> right_angle_brackets;
| 
|   int a;
|   decltype(a) b;
| 
|   typedef check<int> check_type;
|   check_type c;
|   check_type&& cr = static_cast<check_type&&>(c);
| 
|   auto d = a;
| 
|   struct Foo
|   {
|     void bar() const {}
|   };
| 
|   void f(const Foo& foo) { foo.bar(); }
| 
|   void baz() {
|     std::unique_ptr<Foo> p1(new Foo);  // p1 owns Foo.
|     p1->bar();
| 
|     {
|       std::unique_ptr<Foo> p2(std::move(p1));  // Now p2 owns Foo.
|       f(*p2);
| 
|       p1 = std::move(p2);  // Ownership returns to p1.
|     }
| 
|     p1->bar();
|   }
| 
|   std::shared_ptr<int> k = std::make_shared<int>(2);
| 
|   void mutexTest()
|   {
|     std::mutex _mutex;
|     {
|       // scope of lockGuard.
|       std::lock_guard<std::mutex> lockGuard(_mutex);
|       // end scope of lockGuard.
|     }
| 
|     {
|       // scope of uniqueLock.
|       std::unique_lock<std::mutex> uniqueLock(_mutex);
|       // end scope of uniqueLock.
|     }
|   }
| 
|   // check for std::enable_shared_from_this.
|   struct SharedStruct : public std::enable_shared_from_this<SharedStruct>
|   {
|     std::shared_ptr<SharedStruct> get()
|     {
|       return shared_from_this();
|     }
|   };
| 
|   // construct a new shared_ptr using shared_from_this().
|   std::shared_ptr<SharedStruct> object =
|     std::shared_ptr<SharedStruct>(new SharedStruct())->get();
| 
|   // initializer lists.
|   std::vector<std::string> g = {"hello", "world"};
| 
|   struct InitializerList
|   {
|     InitializerList(std::initializer_list<int>) {}
|     void doSomething(std::initializer_list<int>) {}
|   };
| 
|   void initializerListClassTest()
|   {
|     InitializerList il{1,2,3,4};
|     il.doSomething({5,6,7,8});
|   }
| 
configure:19250: result: no
configure:19262: checking whether g++ supports C++11 features with -std=c++11
configure:19363: g++ -c -g1 -O0 -Wno-unused-local-typedefs -std=c++11  conftest.cpp >&5
configure:19363: $? = 0
configure:19372: result: yes
configure:19431: g++ -c -g1 -O0 -Wno-unused-local-typedefs -std=c++11  conftest.cpp >&5
configure:19431: $? = 0
configure:19645: checking for the pthreads library -lpthreads
configure:19678: gcc -o conftest -g1 -O0 -Wno-unused-local-typedefs    conftest.c -lpthreads  -lrt >&5
conftest.c: In function 'main':
conftest.c:28:22: warning: null argument where non-null required (argument 1) [-Wnonnull]
                      pthread_attr_init(0); pthread_cleanup_push(0, 0);
                      ^
conftest.c:29:22: warning: null argument where non-null required (argument 1) [-Wnonnull]
                      pthread_create(0,0,0,0); pthread_cleanup_pop(0);
                      ^
conftest.c:29:22: warning: null argument where non-null required (argument 3) [-Wnonnull]
/usr/bin/ld: cannot find -lpthreads
collect2: error: ld returned 1 exit status
configure:19678: $? = 1
configure: failed program was:
| /* confdefs.h */
| #define PACKAGE_NAME "mesos"
| #define PACKAGE_TARNAME "mesos"
| #define PACKAGE_VERSION "0.23.0"
| #define PACKAGE_STRING "mesos 0.23.0"
| #define PACKAGE_BUGREPORT ""
| #define PACKAGE_URL ""
| #define PACKAGE "mesos"
| #define VERSION "0.23.0"
| #define STDC_HEADERS 1
| #define HAVE_SYS_TYPES_H 1
| #define HAVE_SYS_STAT_H 1
| #define HAVE_STDLIB_H 1
| #define HAVE_STRING_H 1
| #define HAVE_MEMORY_H 1
| #define HAVE_STRINGS_H 1
| #define HAVE_INTTYPES_H 1
| #define HAVE_STDINT_H 1
| #define HAVE_UNISTD_H 1
| #define HAVE_DLFCN_H 1
| #define LT_OBJDIR ".libs/"
| /* end confdefs.h.  */
| #include <pthread.h>
| int
| main ()
| {
| pthread_t th; pthread_join(th, 0);
|                      pthread_attr_init(0); pthread_cleanup_push(0, 0);
|                      pthread_create(0,0,0,0); pthread_cleanup_pop(0);
|   ;
|   return 0;
| }
configure:19687: result: no
configure:19590: checking whether pthreads work without any flags
configure:19678: gcc -o conftest -g1 -O0 -Wno-unused-local-typedefs    conftest.c   -lrt >&5
conftest.c: In function 'main':
conftest.c:28:22: warning: null argument where non-null required (argument 1) [-Wnonnull]
                      pthread_attr_init(0); pthread_cleanup_push(0, 0);
                      ^
conftest.c:29:22: warning: null argument where non-null required (argument 1) [-Wnonnull]
                      pthread_create(0,0,0,0); pthread_cleanup_pop(0);
                      ^
conftest.c:29:22: warning: null argument where non-null required (argument 3) [-Wnonnull]
/tmp/ccsz3Jri.o: In function `main':
conftest.c:(.text+0x1b): undefined reference to `pthread_join'
conftest.c:(.text+0x7e): undefined reference to `__pthread_register_cancel'
conftest.c:(.text+0x97): undefined reference to `pthread_create'
conftest.c:(.text+0xa3): undefined reference to `__pthread_unregister_cancel'
collect2: error: ld returned 1 exit status
configure:19678: $? = 1
configure: failed program was:
| /* confdefs.h */
| #define PACKAGE_NAME "mesos"
| #define PACKAGE_TARNAME "mesos"
| #define PACKAGE_VERSION "0.23.0"
| #define PACKAGE_STRING "mesos 0.23.0"
| #define PACKAGE_BUGREPORT ""
| #define PACKAGE_URL ""
| #define PACKAGE "mesos"
| #define VERSION "0.23.0"
| #define STDC_HEADERS 1
| #define HAVE_SYS_TYPES_H 1
| #define HAVE_SYS_STAT_H 1
| #define HAVE_STDLIB_H 1
| #define HAVE_STRING_H 1
| #define HAVE_MEMORY_H 1
| #define HAVE_STRINGS_H 1
| #define HAVE_INTTYPES_H 1
| #define HAVE_STDINT_H 1
| #define HAVE_UNISTD_H 1
| #define HAVE_DLFCN_H 1
| #define LT_OBJDIR ".libs/"
| /* end confdefs.h.  */
| #include <pthread.h>
| int
| main ()
| {
| pthread_t th; pthread_join(th, 0);
|                      pthread_attr_init(0); pthread_cleanup_push(0, 0);
|                      pthread_create(0,0,0,0); pthread_cleanup_pop(0);
|   ;
|   return 0;
| }
configure:19687: result: no
configure:19595: checking whether pthreads work with -Kthread
configure:19678: gcc -o conftest -g1 -O0 -Wno-unused-local-typedefs -Kthread   conftest.c   -lrt >&5
gcc: error: unrecognized command line option '-Kthread'
configure:19678: $? = 1
configure: failed program was:
| /* confdefs.h */
| #define PACKAGE_NAME "mesos"
| #define PACKAGE_TARNAME "mesos"
| #define PACKAGE_VERSION "0.23.0"
| #define PACKAGE_STRING "mesos 0.23.0"
| #define PACKAGE_BUGREPORT ""
| #define PACKAGE_URL ""
| #define PACKAGE "mesos"
| #define VERSION "0.23.0"
| #define STDC_HEADERS 1
| #define HAVE_SYS_TYPES_H 1
| #define HAVE_SYS_STAT_H 1
| #define HAVE_STDLIB_H 1
| #define HAVE_STRING_H 1
| #define HAVE_MEMORY_H 1
| #define HAVE_STRINGS_H 1
| #define HAVE_INTTYPES_H 1
| #define HAVE_STDINT_H 1
| #define HAVE_UNISTD_H 1
| #define HAVE_DLFCN_H 1
| #define LT_OBJDIR ".libs/"
| /* end confdefs.h.  */
| #include <pthread.h>
| int
| main ()
| {
| pthread_t th; pthread_join(th, 0);
|                      pthread_attr_init(0); pthread_cleanup_push(0, 0);
|                      pthread_create(0,0,0,0); pthread_cleanup_pop(0);
|   ;
|   return 0;
| }
configure:19687: result: no
configure:19595: checking whether pthreads work with -kthread
configure:19678: gcc -o conftest -g1 -O0 -Wno-unused-local-typedefs -kthread   conftest.c   -lrt >&5
gcc: error: unrecognized command line option '-kthread'
configure:19678: $? = 1
configure: failed program was:
| /* confdefs.h */
| #define PACKAGE_NAME "mesos"
| #define PACKAGE_TARNAME "mesos"
| #define PACKAGE_VERSION "0.23.0"
| #define PACKAGE_STRING "mesos 0.23.0"
| #define PACKAGE_BUGREPORT ""
| #define PACKAGE_URL ""
| #define PACKAGE "mesos"
| #define VERSION "0.23.0"
| #define STDC_HEADERS 1
| #define HAVE_SYS_TYPES_H 1
| #define HAVE_SYS_STAT_H 1
| #define HAVE_STDLIB_H 1
| #define HAVE_STRING_H 1
| #define HAVE_MEMORY_H 1
| #define HAVE_STRINGS_H 1
| #define HAVE_INTTYPES_H 1
| #define HAVE_STDINT_H 1
| #define HAVE_UNISTD_H 1
| #define HAVE_DLFCN_H 1
| #define LT_OBJDIR ".libs/"
| /* end confdefs.h.  */
| #include <pthread.h>
| int
| main ()
| {
| pthread_t th; pthread_join(th, 0);
|                      pthread_attr_init(0); pthread_cleanup_push(0, 0);
|                      pthread_create(0,0,0,0); pthread_cleanup_pop(0);
|   ;
|   return 0;
| }
configure:19687: result: no
configure:19645: checking for the pthreads library -llthread
configure:19678: gcc -o conftest -g1 -O0 -Wno-unused-local-typedefs    conftest.c -llthread  -lrt >&5
conftest.c: In function 'main':
conftest.c:28:22: warning: null argument where non-null required (argument 1) [-Wnonnull]
                      pthread_attr_init(0); pthread_cleanup_push(0, 0);
                      ^
conftest.c:29:22: warning: null argument where non-null required (argument 1) [-Wnonnull]
                      pthread_create(0,0,0,0); pthread_cleanup_pop(0);
                      ^
conftest.c:29:22: warning: null argument where non-null required (argument 3) [-Wnonnull]
/usr/bin/ld: cannot find -llthread
collect2: error: ld returned 1 exit status
configure:19678: $? = 1
configure: failed program was:
| /* confdefs.h */
| #define PACKAGE_NAME "mesos"
| #define PACKAGE_TARNAME "mesos"
| #define PACKAGE_VERSION "0.23.0"
| #define PACKAGE_STRING "mesos 0.23.0"
| #define PACKAGE_BUGREPORT ""
| #define PACKAGE_URL ""
| #define PACKAGE "mesos"
| #define VERSION "0.23.0"
| #define STDC_HEADERS 1
| #define HAVE_SYS_TYPES_H 1
| #define HAVE_SYS_STAT_H 1
| #define HAVE_STDLIB_H 1
| #define HAVE_STRING_H 1
| #define HAVE_MEMORY_H 1
| #define HAVE_STRINGS_H 1
| #define HAVE_INTTYPES_H 1
| #define HAVE_STDINT_H 1
| #define HAVE_UNISTD_H 1
| #define HAVE_DLFCN_H 1
| #define LT_OBJDIR ".libs/"
| /* end confdefs.h.  */
| #include <pthread.h>
| int
| main ()
| {
| pthread_t th; pthread_join(th, 0);
|                      pthread_attr_init(0); pthread_cleanup_push(0, 0);
|                      pthread_create(0,0,0,0); pthread_cleanup_pop(0);
|   ;
|   return 0;
| }
configure:19687: result: no
configure:19595: checking whether pthreads work with -pthread
configure:19678: gcc -o conftest -g1 -O0 -Wno-unused-local-typedefs -pthread   conftest.c   -lrt >&5
conftest.c: In function 'main':
conftest.c:28:22: warning: null argument where non-null required (argument 1) [-Wnonnull]
                      pthread_attr_init(0); pthread_cleanup_push(0, 0);
                      ^
conftest.c:29:22: warning: null argument where non-null required (argument 1) [-Wnonnull]
                      pthread_create(0,0,0,0); pthread_cleanup_pop(0);
                      ^
conftest.c:29:22: warning: null argument where non-null required (argument 3) [-Wnonnull]
configure:19678: $? = 0
configure:19687: result: yes
configure:19706: checking for joinable pthread attribute
configure:19721: gcc -o conftest -g1 -O0 -Wno-unused-local-typedefs -pthread   conftest.c   -lrt >&5
configure:19721: $? = 0
configure:19727: result: PTHREAD_CREATE_JOINABLE
configure:19737: checking if more special flags are required for pthreads
configure:19744: result: no
configure:19833: checking whether to check for GCC pthread/shared inconsistencies
configure:19846: gcc -o conftest -shared -fPIC -Wl,-z,defs -g1 -O0 -Wno-unused-local-typedefs -pthread   conftest.c   -lrt >&5
configure:19846: $? = 0
configure:19858: result: yes
configure:19864: checking whether -pthread is sufficient with -shared
configure:19879: gcc -o conftest -shared -fPIC -Wl,-z,defs -g1 -O0 -Wno-unused-local-typedefs -pthread   conftest.c   -lrt >&5
conftest.c: In function 'main':
conftest.c:28:8: warning: null argument where non-null required (argument 1) [-Wnonnull]
        pthread_attr_init(0); pthread_cleanup_push(0, 0);
        ^
conftest.c:29:8: warning: null argument where non-null required (argument 1) [-Wnonnull]
        pthread_create(0,0,0,0); pthread_cleanup_pop(0);
        ^
conftest.c:29:8: warning: null argument where non-null required (argument 3) [-Wnonnull]
configure:19879: $? = 0
configure:19886: result: yes
configure:20005: checking for backtrace in -lunwind
configure:20030: g++ -o conftest -g1 -O0 -Wno-unused-local-typedefs -std=c++11   conftest.cpp -lunwind   -lrt >&5
/usr/bin/ld: cannot find -lunwind
collect2: error: ld returned 1 exit status
configure:20030: $? = 1
configure: failed program was:
| /* confdefs.h */
| #define PACKAGE_NAME "mesos"
| #define PACKAGE_TARNAME "mesos"
| #define PACKAGE_VERSION "0.23.0"
| #define PACKAGE_STRING "mesos 0.23.0"
| #define PACKAGE_BUGREPORT ""
| #define PACKAGE_URL ""
| #define PACKAGE "mesos"
| #define VERSION "0.23.0"
| #define STDC_HEADERS 1
| #define HAVE_SYS_TYPES_H 1
| #define HAVE_SYS_STAT_H 1
| #define HAVE_STDLIB_H 1
| #define HAVE_STRING_H 1
| #define HAVE_MEMORY_H 1
| #define HAVE_STRINGS_H 1
| #define HAVE_INTTYPES_H 1
| #define HAVE_STDINT_H 1
| #define HAVE_UNISTD_H 1
| #define HAVE_DLFCN_H 1
| #define LT_OBJDIR ".libs/"
| #define HAVE_PTHREAD 1
| /* end confdefs.h.  */
| 
| /* Override any GCC internal prototype to avoid an error.
|    Use char because int might match the return type of a GCC
|    builtin and then its argument prototype would still apply.  */
| #ifdef __cplusplus
| extern "C"
| #endif
| char backtrace ();
| int
| main ()
| {
| return backtrace ();
|   ;
|   return 0;
| }
configure:20039: result: no
configure:20098: checking for patch
configure:20114: found /usr/bin/patch
configure:20125: result: patch
configure:20152: checking for gzread in -lz
configure:20177: g++ -o conftest -g1 -O0 -Wno-unused-local-typedefs -std=c++11   conftest.cpp -lz   -lrt >&5
configure:20177: $? = 0
configure:20186: result: yes
configure:20213: checking for curl_global_init in -lcurl
configure:20238: g++ -o conftest -g1 -O0 -Wno-unused-local-typedefs -std=c++11   conftest.cpp -lcurl  -lz  -lrt >&5
configure:20238: $? = 0
configure:20247: result: yes
configure:20279: checking apr_pools.h usability
configure:20279: g++ -c -g1 -O0 -Wno-unused-local-typedefs -std=c++11 -I/usr/include/apr-1 -I/usr/include/apr-1.0  conftest.cpp >&5
configure:20279: $? = 0
configure:20279: result: yes
configure:20279: checking apr_pools.h presence
configure:20279: g++ -E -I/usr/include/apr-1 -I/usr/include/apr-1.0  conftest.cpp
configure:20279: $? = 0
configure:20279: result: yes
configure:20279: checking for apr_pools.h
configure:20279: result: yes
configure:20284: checking for apr_initialize in -lapr-1
configure:20309: g++ -o conftest -g1 -O0 -Wno-unused-local-typedefs -std=c++11 -I/usr/include/apr-1 -I/usr/include/apr-1.0   conftest.cpp -lapr-1  -lcurl -lz  -lrt >&5
configure:20309: $? = 0
configure:20318: result: yes
configure:20367: checking svn_version.h usability
configure:20367: g++ -c -g1 -O0 -Wno-unused-local-typedefs -std=c++11 -I/usr/include/subversion-1 -I/usr/include/apr-1 -I/usr/include/apr-1.0  conftest.cpp >&5
configure:20367: $? = 0
configure:20367: result: yes
configure:20367: checking svn_version.h presence
configure:20367: g++ -E -I/usr/include/subversion-1 -I/usr/include/apr-1 -I/usr/include/apr-1.0  conftest.cpp
configure:20367: $? = 0
configure:20367: result: yes
configure:20367: checking for svn_version.h
configure:20367: result: yes
configure:20372: checking for svn_stringbuf_create_ensure in -lsvn_subr-1
configure:20397: g++ -o conftest -g1 -O0 -Wno-unused-local-typedefs -std=c++11 -I/usr/include/subversion-1 -I/usr/include/apr-1 -I/usr/include/apr-1.0   conftest.cpp -lsvn_subr-1  -lapr-1 -lcurl -lz  -lrt >&5
configure:20397: $? = 0
configure:20406: result: yes
configure:20436: checking svn_delta.h usability
configure:20436: g++ -c -g1 -O0 -Wno-unused-local-typedefs -std=c++11 -I/usr/include/subversion-1 -I/usr/include/apr-1 -I/usr/include/apr-1.0  conftest.cpp >&5
configure:20436: $? = 0
configure:20436: result: yes
configure:20436: checking svn_delta.h presence
configure:20436: g++ -E -I/usr/include/subversion-1 -I/usr/include/apr-1 -I/usr/include/apr-1.0  conftest.cpp
configure:20436: $? = 0
configure:20436: result: yes
configure:20436: checking for svn_delta.h
configure:20436: result: yes
configure:20441: checking for svn_txdelta in -lsvn_delta-1
configure:20466: g++ -o conftest -g1 -O0 -Wno-unused-local-typedefs -std=c++11 -I/usr/include/subversion-1 -I/usr/include/apr-1 -I/usr/include/apr-1.0   conftest.cpp -lsvn_delta-1  -lsvn_subr-1 -lapr-1 -lcurl -lz  -lrt >&5
configure:20466: $? = 0
configure:20475: result: yes
configure:20512: checking for sasl_done in -lsasl2
configure:20537: g++ -o conftest -g1 -O0 -Wno-unused-local-typedefs -std=c++11 -I/usr/include/subversion-1 -I/usr/include/apr-1 -I/usr/include/apr-1.0   conftest.cpp -lsasl2  -lsvn_delta-1 -lsvn_subr-1 -lapr-1 -lcurl -lz  -lrt >&5
configure:20537: $? = 0
configure:20546: result: yes
configure:20564: checking SASL CRAM-MD5 support
configure:20621: result: yes
configure:20897: checking for javac
configure:20915: found /usr/bin/javac
configure:20928: result: /usr/bin/javac
configure:20938: checking for java
configure:20956: found /usr/bin/java
configure:20969: result: /usr/bin/java
configure:20982: checking value of Java system property 'java.home'
configure:20996: result: /usr/lib/jvm/java-6-openjdk-amd64/jre
configure:21018: using JAVA_HOME=/usr/lib/jvm/java-6-openjdk-amd64
configure:21047: checking whether or not we can build with JNI
libtool: link: g++ -Wall -Werror -I/usr/lib/jvm/java-6-openjdk-amd64/include -I/usr/lib/jvm/java-6-openjdk-amd64/include/linux -o conftest conftest.cpp -Wl,-ljvm  -L/usr/lib/jvm/java-6-openjdk-amd64/jre/lib/amd64/server -Wl,-rpath -Wl,/usr/lib/jvm/java-6-openjdk-amd64/jre/lib/amd64/server
configure:21170: result: yes
configure:21195: checking for mvn
configure:21213: found /usr/bin/mvn
configure:21226: result: /usr/bin/mvn
configure:21365: checking for a Python interpreter with version >= 2.6
configure:21380: python -c import sys, string # split strings by '.' and convert to numeric. Append some zeros # because we need at least 4 digits for the hex conversion. minver = map(int, string.split('2.6', '.')) + [0, 0, 0] minverhex = 0 for i in xrange(0, 4): minverhex = (minverhex << 8) + minver[i] sys.exit(sys.hexversion < minverhex)
configure:21383: $? = 0
configure:21389: result: python
configure:21397: checking for python
configure:21415: found /usr/bin/python
configure:21427: result: /usr/bin/python
configure:21451: checking for python version
configure:21458: result: 2.7
configure:21470: checking for python platform
configure:21477: result: linux2
configure:21484: checking for python script directory
configure:21492: result: ${prefix}/lib/python2.7/site-packages
configure:21501: checking for python extension module directory
configure:21509: result: ${exec_prefix}/lib/python2.7/site-packages
configure:21532: checking for python2.7
configure:21562: result: /usr/bin/python
configure:21578: checking for a version of Python >= '2.1.0'
configure:21604: result: yes
configure:21612: checking for a version of Python >= '2.6'
configure:21618: result: yes
configure:21635: checking for the distutils Python package
configure:21639: result: yes
configure:21653: checking for Python include path
configure:21669: result: -I/usr/include/python2.7
configure:21676: checking for Python library path
configure:21753: result: -L/usr/lib -lpython2.7
configure:21760: checking for Python site-packages path
configure:21766: result: /usr/lib/python2.7/dist-packages
configure:21773: checking python extra libraries
configure:21780: result: -lpthread -ldl  -lutil
configure:21787: checking python extra linking flags
configure:21794: result: -Xlinker -export-dynamic -Wl,-O1 -Wl,-Bsymbolic-functions
configure:21801: checking consistency of all components of python development environment
configure:21827: gcc -o conftest -g1 -O0 -Wno-unused-local-typedefs -I/usr/include/subversion-1 -I/usr/include/apr-1 -I/usr/include/apr-1.0  -I/usr/include/python2.7  conftest.c -lsasl2 -lsvn_delta-1 -lsvn_subr-1 -lapr-1 -lcurl -lz  -lrt -L/usr/lib -lpython2.7 -Xlinker -export-dynamic -Wl,-O1 -Wl,-Bsymbolic-functions -lpthread -ldl  -lutil >&5
configure:21827: $? = 0
configure:21844: result: yes
configure:21873: checking whether we can build usable Python eggs
configure:21948: result: yes
configure:21979: checking for an old installation of the Mesos egg (before 0.20.0)
configure:21991: result: no
configure:22069: checking python2 module: boto
configure:22074: result: yes
configure:22482: checking that generated files are newer than configure
configure:22488: result: done
configure:22584: creating ./config.status

## ---------------------- ##
## Running config.status. ##
## ---------------------- ##

This file was extended by mesos config.status 0.23.0, which was
generated by GNU Autoconf 2.69.  Invocation command line was

  CONFIG_FILES    = 
  CONFIG_HEADERS  = 
  CONFIG_LINKS    = 
  CONFIG_COMMANDS = 
  $ ./config.status 

on mesos-test

config.status:1192: creating Makefile
config.status:1192: creating mesos.pc
config.status:1192: creating ec2/Makefile
config.status:1192: creating src/Makefile
config.status:1192: creating 3rdparty/Makefile
config.status:1192: creating bin/mesos.sh
config.status:1192: creating bin/mesos-local.sh
config.status:1192: creating bin/mesos-master.sh
config.status:1192: creating bin/mesos-slave.sh
config.status:1192: creating bin/mesos-tests.sh
config.status:1192: creating bin/mesos-local-flags.sh
config.status:1192: creating bin/mesos-master-flags.sh
config.status:1192: creating bin/mesos-slave-flags.sh
config.status:1192: creating bin/mesos-tests-flags.sh
config.status:1192: creating bin/gdb-mesos-local.sh
config.status:1192: creating bin/gdb-mesos-master.sh
config.status:1192: creating bin/gdb-mesos-slave.sh
config.status:1192: creating bin/gdb-mesos-tests.sh
config.status:1192: creating bin/lldb-mesos-local.sh
config.status:1192: creating bin/lldb-mesos-master.sh
config.status:1192: creating bin/lldb-mesos-slave.sh
config.status:1192: creating bin/lldb-mesos-tests.sh
config.status:1192: creating bin/valgrind-mesos-local.sh
config.status:1192: creating bin/valgrind-mesos-slave.sh
config.status:1192: creating bin/valgrind-mesos-master.sh
config.status:1192: creating bin/valgrind-mesos-tests.sh
config.status:1192: creating src/deploy/mesos-daemon.sh
config.status:1192: creating src/deploy/mesos-start-cluster.sh
config.status:1192: creating src/deploy/mesos-start-masters.sh
config.status:1192: creating src/deploy/mesos-start-slaves.sh
config.status:1192: creating src/deploy/mesos-stop-cluster.sh
config.status:1192: creating src/deploy/mesos-stop-masters.sh
config.status:1192: creating src/deploy/mesos-stop-slaves.sh
config.status:1192: creating include/mesos/version.hpp
config.status:1192: creating src/java/generated/org/apache/mesos/MesosNativeLibrary.java
config.status:1192: creating mpi/mpiexec-mesos
config.status:1192: creating src/examples/java/test-exception-framework
config.status:1192: creating src/examples/java/test-executor
config.status:1192: creating src/examples/java/test-framework
config.status:1192: creating src/examples/java/test-multiple-executors-framework
config.status:1192: creating src/examples/java/test-log
config.status:1192: creating src/java/mesos.pom
config.status:1192: creating src/examples/python/test-executor
config.status:1192: creating src/examples/python/test-framework
config.status:1192: creating src/examples/python/test-containerizer
config.status:1192: creating src/python/setup.py
config.status:1192: creating src/python/interface/setup.py
config.status:1192: creating src/python/native/ext_modules.py
config.status:1192: creating src/python/native/setup.py
config.status:1349: executing depfiles commands
config.status:1349: executing libtool commands
configure:25028: === configuring in 3rdparty/libprocess (/home/aclemmer/src/mesos/build/3rdparty/libprocess)
configure:25091: running /bin/bash ../../../3rdparty/libprocess/configure --disable-option-checking '--prefix=/usr/local'  '--enable-shared=no' '--with-pic' --cache-file=/dev/null --srcdir=../../../3rdparty/libprocess

## ---------------- ##
## Cache variables. ##
## ---------------- ##

ac_cv_build=x86_64-unknown-linux-gnu
ac_cv_c_compiler_gnu=yes
ac_cv_cxx_compiler_gnu=yes
ac_cv_env_CCC_set=
ac_cv_env_CCC_value=
ac_cv_env_CC_set=
ac_cv_env_CC_value=
ac_cv_env_CFLAGS_set=
ac_cv_env_CFLAGS_value=
ac_cv_env_CPPFLAGS_set=
ac_cv_env_CPPFLAGS_value=
ac_cv_env_CPP_set=
ac_cv_env_CPP_value=
ac_cv_env_CXXCPP_set=
ac_cv_env_CXXCPP_value=
ac_cv_env_CXXFLAGS_set=
ac_cv_env_CXXFLAGS_value=
ac_cv_env_CXX_set=
ac_cv_env_CXX_value=
ac_cv_env_JAVA_CPPFLAGS_set=
ac_cv_env_JAVA_CPPFLAGS_value=
ac_cv_env_JAVA_HOME_set=
ac_cv_env_JAVA_HOME_value=
ac_cv_env_JAVA_JVM_LIBRARY_set=
ac_cv_env_JAVA_JVM_LIBRARY_value=
ac_cv_env_LDFLAGS_set=
ac_cv_env_LDFLAGS_value=
ac_cv_env_LIBS_set=
ac_cv_env_LIBS_value=
ac_cv_env_MAVEN_HOME_set=
ac_cv_env_MAVEN_HOME_value=
ac_cv_env_PROTOBUF_JAR_set=
ac_cv_env_PROTOBUF_JAR_value=
ac_cv_env_PYTHON_VERSION_set=
ac_cv_env_PYTHON_VERSION_value=
ac_cv_env_PYTHON_set=
ac_cv_env_PYTHON_value=
ac_cv_env_build_alias_set=
ac_cv_env_build_alias_value=
ac_cv_env_host_alias_set=
ac_cv_env_host_alias_value=
ac_cv_env_target_alias_set=
ac_cv_env_target_alias_value=
ac_cv_header_apr_pools_h=yes
ac_cv_header_dlfcn_h=yes
ac_cv_header_inttypes_h=yes
ac_cv_header_memory_h=yes
ac_cv_header_stdc=yes
ac_cv_header_stdint_h=yes
ac_cv_header_stdlib_h=yes
ac_cv_header_string_h=yes
ac_cv_header_strings_h=yes
ac_cv_header_svn_delta_h=yes
ac_cv_header_svn_version_h=yes
ac_cv_header_sys_stat_h=yes
ac_cv_header_sys_types_h=yes
ac_cv_header_unistd_h=yes
ac_cv_host=x86_64-unknown-linux-gnu
ac_cv_lib_apr_1_apr_initialize=yes
ac_cv_lib_curl_curl_global_init=yes
ac_cv_lib_sasl2_sasl_done=yes
ac_cv_lib_svn_delta_1_svn_txdelta=yes
ac_cv_lib_svn_subr_1_svn_stringbuf_create_ensure=yes
ac_cv_lib_unwind_backtrace=no
ac_cv_lib_z_gzread=yes
ac_cv_objext=o
ac_cv_path_EGREP='/bin/grep -E'
ac_cv_path_FGREP='/bin/grep -F'
ac_cv_path_GREP=/bin/grep
ac_cv_path_JAVA=/usr/bin/java
ac_cv_path_JAVAC=/usr/bin/javac
ac_cv_path_MVN=/usr/bin/mvn
ac_cv_path_PYTHON=/usr/bin/python
ac_cv_path_SED=/bin/sed
ac_cv_path_install='/usr/bin/install -c'
ac_cv_path_mkdir=/bin/mkdir
ac_cv_prog_AWK=gawk
ac_cv_prog_CPP='gcc -E'
ac_cv_prog_CXXCPP='g++ -E'
ac_cv_prog_ac_ct_AR=ar
ac_cv_prog_ac_ct_CC=gcc
ac_cv_prog_ac_ct_CXX=g++
ac_cv_prog_ac_ct_MANIFEST_TOOL=mt
ac_cv_prog_ac_ct_OBJDUMP=objdump
ac_cv_prog_ac_ct_PATCHCOMMAND_TEST=patch
ac_cv_prog_ac_ct_RANLIB=ranlib
ac_cv_prog_ac_ct_STRIP=strip
ac_cv_prog_cc_c89=
ac_cv_prog_cc_g=yes
ac_cv_prog_cxx_g=yes
ac_cv_prog_make_make_set=yes
ac_cv_target=x86_64-unknown-linux-gnu
am_cv_CC_dependencies_compiler_type=gcc3
am_cv_CXX_dependencies_compiler_type=gcc3
am_cv_ar_interface=ar
am_cv_make_support_nested_variables=yes
am_cv_pathless_PYTHON=python
am_cv_prog_cc_c_o=yes
am_cv_python_platform=linux2
am_cv_python_pyexecdir='${exec_prefix}/lib/python2.7/site-packages'
am_cv_python_pythondir='${prefix}/lib/python2.7/site-packages'
am_cv_python_version=2.7
ax_cv_cxx_compile_cxx11=no
ax_cv_cxx_compile_cxx11__std_cpp11=yes
lt_cv_ar_at_file=@
lt_cv_archive_cmds_need_lc=no
lt_cv_deplibs_check_method=pass_all
lt_cv_file_magic_cmd='$MAGIC_CMD'
lt_cv_file_magic_test_file=
lt_cv_ld_reload_flag=-r
lt_cv_nm_interface='BSD nm'
lt_cv_objdir=.libs
lt_cv_path_LD=/usr/bin/ld
lt_cv_path_LDCXX='/usr/bin/ld -m elf_x86_64'
lt_cv_path_NM='/usr/bin/nm -B'
lt_cv_path_mainfest_tool=no
lt_cv_prog_compiler_c_o=yes
lt_cv_prog_compiler_c_o_CXX=yes
lt_cv_prog_compiler_pic='-fPIC -DPIC'
lt_cv_prog_compiler_pic_CXX='-fPIC -DPIC'
lt_cv_prog_compiler_pic_works=yes
lt_cv_prog_compiler_pic_works_CXX=yes
lt_cv_prog_compiler_rtti_exceptions=no
lt_cv_prog_compiler_static_works=yes
lt_cv_prog_compiler_static_works_CXX=yes
lt_cv_prog_gnu_ld=yes
lt_cv_prog_gnu_ldcxx=yes
lt_cv_sharedlib_from_linklib_cmd='printf %s\n'
lt_cv_shlibpath_overrides_runpath=no
lt_cv_sys_global_symbol_pipe='sed -n -e '\''s/^.*[	 ]\([ABCDGIRSTW][ABCDGIRSTW]*\)[	 ][	 ]*\([_A-Za-z][_A-Za-z0-9]*\)$/\1 \2 \2/p'\'' | sed '\''/ __gnu_lto/d'\'''
lt_cv_sys_global_symbol_to_c_name_address='sed -n -e '\''s/^: \([^ ]*\)[ ]*$/  {\"\1\", (void *) 0},/p'\'' -e '\''s/^[ABCDGIRSTW]* \([^ ]*\) \([^ ]*\)$/  {"\2", (void *) \&\2},/p'\'''
lt_cv_sys_global_symbol_to_c_name_address_lib_prefix='sed -n -e '\''s/^: \([^ ]*\)[ ]*$/  {\"\1\", (void *) 0},/p'\'' -e '\''s/^[ABCDGIRSTW]* \([^ ]*\) \(lib[^ ]*\)$/  {"\2", (void *) \&\2},/p'\'' -e '\''s/^[ABCDGIRSTW]* \([^ ]*\) \([^ ]*\)$/  {"lib\2", (void *) \&\2},/p'\'''
lt_cv_sys_global_symbol_to_cdecl='sed -n -e '\''s/^T .* \(.*\)$/extern int \1();/p'\'' -e '\''s/^[ABCDGIRSTW]* .* \(.*\)$/extern char \1;/p'\'''
lt_cv_sys_max_cmd_len=1572864
lt_cv_to_host_file_cmd=func_convert_file_noop
lt_cv_to_tool_file_cmd=func_convert_file_noop

## ----------------- ##
## Output variables. ##
## ----------------- ##

ACLOCAL='${SHELL} /home/aclemmer/src/mesos/missing aclocal-1.14'
AMDEPBACKSLASH='\'
AMDEP_FALSE='#'
AMDEP_TRUE=''
AMTAR='$${TAR-tar}'
AM_BACKSLASH='\'
AM_DEFAULT_V='$(AM_DEFAULT_VERBOSITY)'
AM_DEFAULT_VERBOSITY='1'
AM_V='$(V)'
AR='ar'
AUTOCONF='${SHELL} /home/aclemmer/src/mesos/missing autoconf'
AUTOHEADER='${SHELL} /home/aclemmer/src/mesos/missing autoheader'
AUTOMAKE='${SHELL} /home/aclemmer/src/mesos/missing automake-1.14'
AWK='gawk'
CC='gcc'
CCDEPMODE='depmode=gcc3'
CFLAGS='-g1 -O0 -Wno-unused-local-typedefs'
CLANG='no'
CONFIGURE_ARGS=' CXXFLAGS='\''-g1 -O0 -Wno-unused-local-typedefs -std=c++11'\'''
CPP='gcc -E'
CPPFLAGS='-I/usr/include/subversion-1 -I/usr/include/apr-1 -I/usr/include/apr-1.0 '
CXX='g++'
CXXCPP='g++ -E'
CXXDEPMODE='depmode=gcc3'
CXXFLAGS='-g1 -O0 -Wno-unused-local-typedefs -std=c++11'
CYGPATH_W='echo'
DEBUG_FALSE=''
DEBUG_TRUE='#'
DEFS='-DPACKAGE_NAME=\"mesos\" -DPACKAGE_TARNAME=\"mesos\" -DPACKAGE_VERSION=\"0.23.0\" -DPACKAGE_STRING=\"mesos\ 0.23.0\" -DPACKAGE_BUGREPORT=\"\" -DPACKAGE_URL=\"\" -DPACKAGE=\"mesos\" -DVERSION=\"0.23.0\" -DSTDC_HEADERS=1 -DHAVE_SYS_TYPES_H=1 -DHAVE_SYS_STAT_H=1 -DHAVE_STDLIB_H=1 -DHAVE_STRING_H=1 -DHAVE_MEMORY_H=1 -DHAVE_STRINGS_H=1 -DHAVE_INTTYPES_H=1 -DHAVE_STDINT_H=1 -DHAVE_UNISTD_H=1 -DHAVE_DLFCN_H=1 -DLT_OBJDIR=\".libs/\" -DHAVE_PTHREAD=1 -DHAVE_LIBZ=1 -DHAVE_LIBCURL=1 -DHAVE_APR_POOLS_H=1 -DHAVE_LIBAPR_1=1 -DHAVE_SVN_VERSION_H=1 -DHAVE_LIBSVN_SUBR_1=1 -DHAVE_SVN_DELTA_H=1 -DHAVE_LIBSVN_DELTA_1=1 -DHAVE_LIBSASL2=1 -DMESOS_HAS_JAVA=1 -DHAVE_PYTHON=\"2.7\" -DMESOS_HAS_PYTHON=1'
DEPDIR='.deps'
DLLTOOL='false'
DSYMUTIL=''
DUMPBIN=''
ECHO_C=''
ECHO_N='-n'
ECHO_T=''
EGREP='/bin/grep -E'
EXEEXT=''
FGREP='/bin/grep -F'
GIT_REPO_FALSE='#'
GIT_REPO_TRUE=''
GREP='/bin/grep'
HAS_JAVA_FALSE='#'
HAS_JAVA_TRUE=''
HAS_PYTHON_FALSE='#'
HAS_PYTHON_TRUE=''
HAVE_CXX11=''
INSTALL_DATA='${INSTALL} -m 644'
INSTALL_PROGRAM='${INSTALL}'
INSTALL_SCRIPT='${INSTALL}'
INSTALL_STRIP_PROGRAM='$(install_sh) -c -s'
JAVA='/usr/bin/java'
JAVAC='/usr/bin/javac'
JAVA_CPPFLAGS='-I/usr/lib/jvm/java-6-openjdk-amd64/include -I/usr/lib/jvm/java-6-openjdk-amd64/include/linux'
JAVA_HOME='/usr/lib/jvm/java-6-openjdk-amd64'
JAVA_JVM_LIBRARY='/usr/lib/jvm/java-6-openjdk-amd64/jre/lib/amd64/server/libjvm.so'
LD='/usr/bin/ld -m elf_x86_64'
LDFLAGS=''
LIBNL_CFLAGS=''
LIBOBJS=''
LIBS='-lsasl2 -lsvn_delta-1 -lsvn_subr-1 -lapr-1 -lcurl -lz  -lrt'
LIBTOOL='$(SHELL) $(top_builddir)/libtool'
LIPO=''
LN_S='ln -s'
LTLIBOBJS=''
MAKEINFO='${SHELL} /home/aclemmer/src/mesos/missing makeinfo'
MANIFEST_TOOL=':'
MAVEN_HOME=''
MESOS_MAJOR_VERSION='0'
MESOS_MINOR_VERSION='23'
MESOS_PATCH_VERSION='0'
MKDIR_P='/bin/mkdir -p'
MVN='/usr/bin/mvn'
NM='/usr/bin/nm -B'
NMEDIT=''
OBJDUMP='objdump'
OBJEXT='o'
OPTIMIZE_FALSE=''
OPTIMIZE_TRUE='#'
OS_LINUX_FALSE='#'
OS_LINUX_TRUE=''
OTOOL64=''
OTOOL=''
PACKAGE='mesos'
PACKAGE_BUGREPORT=''
PACKAGE_NAME='mesos'
PACKAGE_STRING='mesos 0.23.0'
PACKAGE_TARNAME='mesos'
PACKAGE_URL=''
PACKAGE_VERSION='0.23.0'
PATCHCOMMAND_TEST='patch'
PATH_SEPARATOR=':'
PROTOBUF_JAR='${MESOS_BUILD_DIR}/src/java/target/protobuf-java-2.5.0.jar'
PROTOCOMPILER=''
PROTOCOMPILER_TEST=''
PTHREAD_CC='gcc'
PTHREAD_CFLAGS='-pthread'
PTHREAD_LIBS=''
PYTHON='/usr/bin/python'
PYTHON_CFLAGS='-g1 -O0 -Wno-unused-local-typedefs -g1 -O0 -Wno-unused-local-typedefs -std=c++11'
PYTHON_CPPFLAGS='-I/usr/include/subversion-1 -I/usr/include/apr-1 -I/usr/include/apr-1.0 '
PYTHON_EGG_POSTFIX='-py2.7-linux-x86_64'
PYTHON_EGG_PUREPY_POSTFIX='-py2.7'
PYTHON_EXEC_PREFIX='${exec_prefix}'
PYTHON_EXTRA_LDFLAGS='-Xlinker -export-dynamic -Wl,-O1 -Wl,-Bsymbolic-functions'
PYTHON_EXTRA_LIBS='-lpthread -ldl  -lutil'
PYTHON_LDFLAGS=''
PYTHON_PLATFORM='linux2'
PYTHON_PREFIX='${prefix}'
PYTHON_SITE_PKG='/usr/lib/python2.7/dist-packages'
PYTHON_VERSION='2.7'
PYTHON_WHL_POSTFIX='-cp27-none-linux_x86_64'
PYTHON_WHL_PUREPY_POSTFIX='-py2-none-any'
RANLIB='ranlib'
SED='/bin/sed'
SET_MAKE=''
SHELL='/bin/bash'
STRIP='strip'
VERSION='0.23.0'
WITHOUT_PYTHON_DEPS_FALSE=''
WITHOUT_PYTHON_DEPS_TRUE='#'
WITH_BUNDLED_DISTRIBUTE_FALSE='#'
WITH_BUNDLED_DISTRIBUTE_TRUE=''
WITH_BUNDLED_GLOG_FALSE='#'
WITH_BUNDLED_GLOG_TRUE=''
WITH_BUNDLED_LEVELDB_FALSE='#'
WITH_BUNDLED_LEVELDB_TRUE=''
WITH_BUNDLED_PIP_FALSE='#'
WITH_BUNDLED_PIP_TRUE=''
WITH_BUNDLED_PROTOBUF_FALSE='#'
WITH_BUNDLED_PROTOBUF_TRUE=''
WITH_BUNDLED_WHEEL_FALSE='#'
WITH_BUNDLED_WHEEL_TRUE=''
WITH_BUNDLED_ZOOKEEPER_FALSE='#'
WITH_BUNDLED_ZOOKEEPER_TRUE=''
WITH_NETWORK_ISOLATOR_FALSE=''
WITH_NETWORK_ISOLATOR_TRUE='#'
ac_ct_AR='ar'
ac_ct_CC='gcc'
ac_ct_CXX='g++'
ac_ct_DUMPBIN=''
acx_pthread_config=''
am__EXEEXT_FALSE=''
am__EXEEXT_TRUE='#'
am__fastdepCC_FALSE='#'
am__fastdepCC_TRUE=''
am__fastdepCXX_FALSE='#'
am__fastdepCXX_TRUE=''
am__include='include'
am__isrc=' -I$(srcdir)'
am__leading_dot='.'
am__nodep='_no'
am__quote=''
am__tar='$${TAR-tar} chof - "$$tardir"'
am__untar='$${TAR-tar} xf -'
bindir='${exec_prefix}/bin'
build='x86_64-unknown-linux-gnu'
build_alias=''
build_cpu='x86_64'
build_os='linux-gnu'
build_vendor='unknown'
datadir='${datarootdir}'
datarootdir='${prefix}/share'
docdir='${datarootdir}/doc/${PACKAGE_TARNAME}'
dvidir='${docdir}'
exec_prefix='${prefix}'
host='x86_64-unknown-linux-gnu'
host_alias=''
host_cpu='x86_64'
host_os='linux-gnu'
host_vendor='unknown'
htmldir='${docdir}'
includedir='${prefix}/include'
infodir='${datarootdir}/info'
install_sh='${SHELL} /home/aclemmer/src/mesos/install-sh'
libdir='${exec_prefix}/lib'
libexecdir='${exec_prefix}/libexec'
localedir='${datarootdir}/locale'
localstatedir='${prefix}/var'
mandir='${datarootdir}/man'
mkdir_p='$(MKDIR_P)'
oldincludedir='/usr/include'
pdfdir='${docdir}'
pkgpyexecdir='${pyexecdir}/mesos'
pkgpythondir='${pythondir}/mesos'
prefix='/usr/local'
program_transform_name='s,x,x,'
psdir='${docdir}'
pyexecdir='${exec_prefix}/lib/python2.7/site-packages'
pythondir='${prefix}/lib/python2.7/site-packages'
sbindir='${exec_prefix}/sbin'
sharedstatedir='${prefix}/com'
subdirs=' 3rdparty/libprocess'
sysconfdir='${prefix}/etc'
target='x86_64-unknown-linux-gnu'
target_alias=''
target_cpu='x86_64'
target_os='linux-gnu'
target_vendor='unknown'

## ----------- ##
## confdefs.h. ##
## ----------- ##

/* confdefs.h */
#define PACKAGE_NAME "mesos"
#define PACKAGE_TARNAME "mesos"
#define PACKAGE_VERSION "0.23.0"
#define PACKAGE_STRING "mesos 0.23.0"
#define PACKAGE_BUGREPORT ""
#define PACKAGE_URL ""
#define PACKAGE "mesos"
#define VERSION "0.23.0"
#define STDC_HEADERS 1
#define HAVE_SYS_TYPES_H 1
#define HAVE_SYS_STAT_H 1
#define HAVE_STDLIB_H 1
#define HAVE_STRING_H 1
#define HAVE_MEMORY_H 1
#define HAVE_STRINGS_H 1
#define HAVE_INTTYPES_H 1
#define HAVE_STDINT_H 1
#define HAVE_UNISTD_H 1
#define HAVE_DLFCN_H 1
#define LT_OBJDIR ".libs/"
#define HAVE_PTHREAD 1
#define HAVE_LIBZ 1
#define HAVE_LIBCURL 1
#define HAVE_APR_POOLS_H 1
#define HAVE_LIBAPR_1 1
#define HAVE_SVN_VERSION_H 1
#define HAVE_LIBSVN_SUBR_1 1
#define HAVE_SVN_DELTA_H 1
#define HAVE_LIBSVN_DELTA_1 1
#define HAVE_LIBSASL2 1
#define MESOS_HAS_JAVA 1
#define HAVE_PYTHON "2.7"
#define MESOS_HAS_PYTHON 1

configure: exit 0
